Unity Editor version:    2021.3.2f1 (d6360bedb9a0)
Branch:                  2021.3/staging
Build type:              Release
Batch mode:              YES
macOS version:           Version 12.2.1 (Build 21D62)
Darwin version:          21.3.0
Architecture:            x86_64
Running under Rosetta:   NO
Available memory:        16384 MB
Using pre-set license
Pro License: YES

COMMAND LINE ARGUMENTS:
/Applications/Unity/Hub/Editor/2021.3.2f1/Unity.app/Contents/MacOS/Unity
-adb2
-batchMode
-noUpm
-name
AssetImportWorker0
-projectPath
/Users/alphabravo/BS Projects/Komorebi
-logFile
Logs/AssetImportWorker0.log
-srvPort
52064
Successfully changed project path to: /Users/alphabravo/BS Projects/Komorebi
/Users/alphabravo/BS Projects/Komorebi
[UnityMemory] Configuration Parameters - Can be set up in boot.config
    "memorysetup-bucket-allocator-granularity=16"
    "memorysetup-bucket-allocator-bucket-count=8"
    "memorysetup-bucket-allocator-block-size=33554432"
    "memorysetup-bucket-allocator-block-count=8"
    "memorysetup-main-allocator-block-size=16777216"
    "memorysetup-thread-allocator-block-size=16777216"
    "memorysetup-gfx-main-allocator-block-size=16777216"
    "memorysetup-gfx-thread-allocator-block-size=16777216"
    "memorysetup-cache-allocator-block-size=4194304"
    "memorysetup-typetree-allocator-block-size=2097152"
    "memorysetup-profiler-bucket-allocator-granularity=16"
    "memorysetup-profiler-bucket-allocator-bucket-count=8"
    "memorysetup-profiler-bucket-allocator-block-size=33554432"
    "memorysetup-profiler-bucket-allocator-block-count=8"
    "memorysetup-profiler-allocator-block-size=16777216"
    "memorysetup-profiler-editor-allocator-block-size=1048576"
    "memorysetup-temp-allocator-size-main=16777216"
    "memorysetup-job-temp-allocator-block-size=2097152"
    "memorysetup-job-temp-allocator-block-size-background=1048576"
    "memorysetup-job-temp-allocator-reduction-small-platforms=262144"
    "memorysetup-temp-allocator-size-background-worker=32768"
    "memorysetup-temp-allocator-size-job-worker=262144"
    "memorysetup-temp-allocator-size-preload-manager=33554432"
    "memorysetup-temp-allocator-size-nav-mesh-worker=65536"
    "memorysetup-temp-allocator-size-audio-worker=65536"
    "memorysetup-temp-allocator-size-cloud-worker=32768"
    "memorysetup-temp-allocator-size-gi-baking-worker=262144"
    "memorysetup-temp-allocator-size-gfx=262144"
Refreshing native plugins compatible for Editor in 65.65 ms, found 2 plugins.
Preloading 0 native plugins for Editor in 0.00 ms.
Initialize engine version: 2021.3.2f1 (d6360bedb9a0)
[Subsystems] Discovering subsystems at path /Applications/Unity/Hub/Editor/2021.3.2f1/Unity.app/Contents/Resources/UnitySubsystems
[Subsystems] Discovering subsystems at path /Users/alphabravo/BS Projects/Komorebi/Assets
GfxDevice: creating device client; threaded=0; jobified=0
Color LCD preferred device: AMD Radeon Pro 5500M (high power)
Metal devices available: 2
0: AMD Radeon Pro 5500M (high power)
1: Intel(R) UHD Graphics 630 (low power)
Using device AMD Radeon Pro 5500M (high power)
Initializing Metal device caps: AMD Radeon Pro 5500M
Initialize mono
Mono path[0] = '/Applications/Unity/Hub/Editor/2021.3.2f1/Unity.app/Contents/Managed'
Mono path[1] = '/Applications/Unity/Hub/Editor/2021.3.2f1/Unity.app/Contents/MonoBleedingEdge/lib/mono/unityjit-macos'
Mono config path = '/Applications/Unity/Hub/Editor/2021.3.2f1/Unity.app/Contents/MonoBleedingEdge/etc'
Using monoOptions --debugger-agent=transport=dt_socket,embedding=1,server=y,suspend=n,address=127.0.0.1:56678
Begin MonoManager ReloadAssembly
Registering precompiled unity dll's ...
Register platform support module: /Applications/Unity/Hub/Editor/2021.3.2f1/Unity.app/Contents/PlaybackEngines/MacStandaloneSupport/UnityEditor.OSXStandalone.Extensions.dll
Registered in 0.001161 seconds.
Native extension for OSXStandalone target not found
Refreshing native plugins compatible for Editor in 79.79 ms, found 2 plugins.
Preloading 0 native plugins for Editor in 0.00 ms.
Mono: successfully reloaded assembly
- Completed reload, in  0.873 seconds
Domain Reload Profiling:
	ReloadAssembly (875ms)
		BeginReloadAssembly (101ms)
			ExecutionOrderSort (0ms)
			DisableScriptedObjects (0ms)
			BackupInstance (0ms)
			ReleaseScriptingObjects (0ms)
			CreateAndSetChildDomain (1ms)
		EndReloadAssembly (635ms)
			LoadAssemblies (101ms)
			RebuildTransferFunctionScriptingTraits (0ms)
			SetupTypeCache (139ms)
			ReleaseScriptCaches (0ms)
			RebuildScriptCaches (42ms)
			SetupLoadedEditorAssemblies (384ms)
				LogAssemblyErrors (0ms)
				InitializePlatformSupportModulesInManaged (8ms)
				SetLoadedEditorAssemblies (0ms)
				RefreshPlugins (80ms)
				BeforeProcessingInitializeOnLoad (1ms)
				ProcessInitializeOnLoadAttributes (213ms)
				ProcessInitializeOnLoadMethodAttributes (81ms)
				AfterProcessingInitializeOnLoad (0ms)
				EditorAssembliesLoaded (0ms)
			ExecutionOrderSort2 (0ms)
			AwakeInstancesAfterBackupRestoration (0ms)
Platform modules already initialized, skipping
Registering precompiled user dll's ...
Registered in 0.017032 seconds.
Begin MonoManager ReloadAssembly
Native extension for OSXStandalone target not found
Refreshing native plugins compatible for Editor in 73.70 ms, found 2 plugins.
Preloading 0 native plugins for Editor in 0.00 ms.
Mono: successfully reloaded assembly
- Completed reload, in  1.644 seconds
Domain Reload Profiling:
	ReloadAssembly (1645ms)
		BeginReloadAssembly (135ms)
			ExecutionOrderSort (0ms)
			DisableScriptedObjects (9ms)
			BackupInstance (0ms)
			ReleaseScriptingObjects (0ms)
			CreateAndSetChildDomain (31ms)
		EndReloadAssembly (1336ms)
			LoadAssemblies (114ms)
			RebuildTransferFunctionScriptingTraits (0ms)
			SetupTypeCache (420ms)
			ReleaseScriptCaches (1ms)
			RebuildScriptCaches (124ms)
			SetupLoadedEditorAssemblies (613ms)
				LogAssemblyErrors (0ms)
				InitializePlatformSupportModulesInManaged (3ms)
				SetLoadedEditorAssemblies (0ms)
				RefreshPlugins (74ms)
				BeforeProcessingInitializeOnLoad (94ms)
				ProcessInitializeOnLoadAttributes (329ms)
				ProcessInitializeOnLoadMethodAttributes (111ms)
				AfterProcessingInitializeOnLoad (1ms)
				EditorAssembliesLoaded (0ms)
			ExecutionOrderSort2 (0ms)
			AwakeInstancesAfterBackupRestoration (4ms)
Platform modules already initialized, skipping
========================================================================
Worker process is ready to serve import requests
Launching external process: /Applications/Unity/Hub/Editor/2021.3.2f1/Unity.app/Contents/Tools/UnityShaderCompiler
Launched and connected shader compiler UnityShaderCompiler after 0.08 seconds
Refreshing native plugins compatible for Editor in 0.79 ms, found 2 plugins.
Preloading 0 native plugins for Editor in 0.00 ms.
Unloading 4134 Unused Serialized files (Serialized files now loaded: 0)
Unloading 31 unused Assets / (1.4 MB). Loaded Objects now: 4621.
Memory consumption went from 391.6 MB to 390.2 MB.
Total: 5.474110 ms (FindLiveObjects: 0.394619 ms CreateObjectMapping: 0.325629 ms MarkObjects: 4.184095 ms  DeleteObjects: 0.568461 ms)

AssetImportParameters requested are different than current active one (requested -> active):
  custom:video-decoder-ogg-theora: a1e56fd34408186e4bbccfd4996cb3dc -> 
  custom:container-muxer-webm: aa71ff27fc2769a1b78a27578f13a17b -> 
  custom:container-demuxer-webm: 4f35f7cbe854078d1ac9338744f61a02 -> 
  custom:video-encoder-webm-vp8: eb34c28f22e8b96e1ab97ce403110664 -> 
  custom:framework-osx-AVFoundation: e770b220cccbd017edd2c1fefb359320 -> 
  custom:audio-encoder-webm-vorbis: bf7c407c2cedff20999df2af8eb42d56 -> 
  custom:container-demuxer-ogg: 62fdf1f143b41e24485cea50d1cbac27 -> 
  custom:video-decoder-webm-vp8: 9c59270c3fd7afecdb556c50c9e8de78 -> 
  custom:audio-decoder-ogg-vorbis: bf7c407c2cedff20999df2af8eb42d56 -> 
========================================================================
Received Import Request.
  Time since last request: 25175.183224 seconds.
  path: Assets/UniversalRenderPipelineGlobalSettings.asset
  artifactKey: Guid(ec3507b52d64e0e409b2ac41b3070d1b) Importer(815301076,1909f56bfc062723c751e8b465ee728b)
Start importing Assets/UniversalRenderPipelineGlobalSettings.asset using Guid(ec3507b52d64e0e409b2ac41b3070d1b) Importer(815301076,1909f56bfc062723c751e8b465ee728b)  -> (artifact id: 'fc0dd12eae2ebbcdfa0259569e427c8c') in 0.166940 seconds 
========================================================================
Received Import Request.
  Time since last request: 7.881615 seconds.
  path: Assets/v1.0
  artifactKey: Guid(a3e553487cb4a452e9f5f8c6df4283e0) Importer(815301076,1909f56bfc062723c751e8b465ee728b)
Start importing Assets/v1.0 using Guid(a3e553487cb4a452e9f5f8c6df4283e0) Importer(815301076,1909f56bfc062723c751e8b465ee728b)  -> (artifact id: '747456fc1fdfe63a8d3ccd9821cf99d3') in 0.000778 seconds 
========================================================================
Received Import Request.
  Time since last request: 2.509264 seconds.
  path: Assets/v1.0/Scenes
  artifactKey: Guid(5bbed8a575d2649648458b80067344de) Importer(815301076,1909f56bfc062723c751e8b465ee728b)
Start importing Assets/v1.0/Scenes using Guid(5bbed8a575d2649648458b80067344de) Importer(815301076,1909f56bfc062723c751e8b465ee728b)  -> (artifact id: 'f1f8abbc4812c96880305cb6cabe79d2') in 0.000912 seconds 
========================================================================
Received Import Request.
  Time since last request: 1.493118 seconds.
  path: Assets/v1.0/Scenes/LightOnly.unity
  artifactKey: Guid(1aa2afd4426df4ee39c97b7eb44e7fdc) Importer(815301076,1909f56bfc062723c751e8b465ee728b)
Start importing Assets/v1.0/Scenes/LightOnly.unity using Guid(1aa2afd4426df4ee39c97b7eb44e7fdc) Importer(815301076,1909f56bfc062723c751e8b465ee728b)  -> (artifact id: 'f5e7f94b2ea2edc2775a7446409d42b5') in 0.000867 seconds 
========================================================================
Received Import Request.
  Time since last request: 2.207627 seconds.
  path: Assets/v1.0/Scenes/komorebi-water.unity
  artifactKey: Guid(64719ca99d96b46ec823da933560f358) Importer(815301076,1909f56bfc062723c751e8b465ee728b)
Start importing Assets/v1.0/Scenes/komorebi-water.unity using Guid(64719ca99d96b46ec823da933560f358) Importer(815301076,1909f56bfc062723c751e8b465ee728b)  -> (artifact id: '86d03bbbd30981aa40f362a334c50682') in 0.001480 seconds 
========================================================================
Received Import Request.
  Time since last request: 7.015588 seconds.
  path: Assets/v1.0/Scenes/komorebi-2.unity
  artifactKey: Guid(0d3bb5adae9b945c8b839df1f5cf165c) Importer(815301076,1909f56bfc062723c751e8b465ee728b)
Start importing Assets/v1.0/Scenes/komorebi-2.unity using Guid(0d3bb5adae9b945c8b839df1f5cf165c) Importer(815301076,1909f56bfc062723c751e8b465ee728b)  -> (artifact id: '743e49551f4c591358f49f25844d3168') in 0.000916 seconds 
========================================================================
Received Prepare
Registering precompiled user dll's ...
Registered in 0.002297 seconds.
Begin MonoManager ReloadAssembly
Native extension for OSXStandalone target not found
Refreshing native plugins compatible for Editor in 0.83 ms, found 2 plugins.
Preloading 0 native plugins for Editor in 0.00 ms.
Mono: successfully reloaded assembly
- Completed reload, in  1.567 seconds
Domain Reload Profiling:
	ReloadAssembly (1567ms)
		BeginReloadAssembly (159ms)
			ExecutionOrderSort (0ms)
			DisableScriptedObjects (7ms)
			BackupInstance (0ms)
			ReleaseScriptingObjects (0ms)
			CreateAndSetChildDomain (64ms)
		EndReloadAssembly (1275ms)
			LoadAssemblies (78ms)
			RebuildTransferFunctionScriptingTraits (0ms)
			SetupTypeCache (371ms)
			ReleaseScriptCaches (2ms)
			RebuildScriptCaches (97ms)
			SetupLoadedEditorAssemblies (642ms)
				LogAssemblyErrors (0ms)
				InitializePlatformSupportModulesInManaged (10ms)
				SetLoadedEditorAssemblies (1ms)
				RefreshPlugins (1ms)
				BeforeProcessingInitializeOnLoad (84ms)
				ProcessInitializeOnLoadAttributes (422ms)
				ProcessInitializeOnLoadMethodAttributes (122ms)
				AfterProcessingInitializeOnLoad (2ms)
				EditorAssembliesLoaded (0ms)
			ExecutionOrderSort2 (0ms)
			AwakeInstancesAfterBackupRestoration (20ms)
Platform modules already initialized, skipping
Refreshing native plugins compatible for Editor in 1.55 ms, found 2 plugins.
Preloading 0 native plugins for Editor in 0.00 ms.
Unloading 3985 Unused Serialized files (Serialized files now loaded: 0)
Unloading 25 unused Assets / (1.4 MB). Loaded Objects now: 4624.
Memory consumption went from 387.7 MB to 386.3 MB.
Total: 5.097596 ms (FindLiveObjects: 0.385223 ms CreateObjectMapping: 0.309604 ms MarkObjects: 3.880727 ms  DeleteObjects: 0.520870 ms)

AssetImportParameters requested are different than current active one (requested -> active):
  custom:video-decoder-ogg-theora: a1e56fd34408186e4bbccfd4996cb3dc -> 
  custom:container-muxer-webm: aa71ff27fc2769a1b78a27578f13a17b -> 
  custom:container-demuxer-webm: 4f35f7cbe854078d1ac9338744f61a02 -> 
  custom:video-encoder-webm-vp8: eb34c28f22e8b96e1ab97ce403110664 -> 
  custom:framework-osx-AVFoundation: e770b220cccbd017edd2c1fefb359320 -> 
  custom:audio-encoder-webm-vorbis: bf7c407c2cedff20999df2af8eb42d56 -> 
  custom:container-demuxer-ogg: 62fdf1f143b41e24485cea50d1cbac27 -> 
  custom:video-decoder-webm-vp8: 9c59270c3fd7afecdb556c50c9e8de78 -> 
  custom:audio-decoder-ogg-vorbis: bf7c407c2cedff20999df2af8eb42d56 -> 
========================================================================
Received Import Request.
  Time since last request: 438.968651 seconds.
  path: Assets/v1.0/Scenes/komorebi-1.unity
  artifactKey: Guid(9fc0d4010bbf28b4594072e72b8655ab) Importer(815301076,1909f56bfc062723c751e8b465ee728b)
Start importing Assets/v1.0/Scenes/komorebi-1.unity using Guid(9fc0d4010bbf28b4594072e72b8655ab) Importer(815301076,1909f56bfc062723c751e8b465ee728b)  -> (artifact id: '19e44172f835eed2548007e010c50293') in 0.007189 seconds 
========================================================================
Received Import Request.
  Time since last request: 1.243227 seconds.
  path: Assets/v1.0/Scenes/komorebi-2.unity
  artifactKey: Guid(0d3bb5adae9b945c8b839df1f5cf165c) Importer(815301076,1909f56bfc062723c751e8b465ee728b)
Start importing Assets/v1.0/Scenes/komorebi-2.unity using Guid(0d3bb5adae9b945c8b839df1f5cf165c) Importer(815301076,1909f56bfc062723c751e8b465ee728b)  -> (artifact id: 'ec95329d6790c4013e3e32429e0f9e33') in 0.001227 seconds 
========================================================================
Received Import Request.
  Time since last request: 0.948080 seconds.
  path: Assets/v1.0/Scenes/komorebi-water-falling 1.unity
  artifactKey: Guid(186c0411e4007491fa0988ce47a74ee3) Importer(815301076,1909f56bfc062723c751e8b465ee728b)
Start importing Assets/v1.0/Scenes/komorebi-water-falling 1.unity using Guid(186c0411e4007491fa0988ce47a74ee3) Importer(815301076,1909f56bfc062723c751e8b465ee728b)  -> (artifact id: '4982e608ee6a6060909e9004fd87377f') in 0.000781 seconds 
========================================================================
Received Import Request.
  Time since last request: 11.588127 seconds.
  path: Assets/Materials
  artifactKey: Guid(a5348494b9dfc42d5a01b58822a7a1f4) Importer(815301076,1909f56bfc062723c751e8b465ee728b)
Start importing Assets/Materials using Guid(a5348494b9dfc42d5a01b58822a7a1f4) Importer(815301076,1909f56bfc062723c751e8b465ee728b)  -> (artifact id: '7685c4e3d17d0f2302a034e7b121144f') in 0.000999 seconds 
========================================================================
Received Import Request.
  Time since last request: 0.054358 seconds.
  path: Assets/Materials/New Material 2.mat
  artifactKey: Guid(92f090d00a9a44adfbe7ff3fcbf0fab2) Importer(815301076,1909f56bfc062723c751e8b465ee728b)
Start importing Assets/Materials/New Material 2.mat using Guid(92f090d00a9a44adfbe7ff3fcbf0fab2) Importer(815301076,1909f56bfc062723c751e8b465ee728b) Attempting to get Camera relative temporary RenderTexture (width || height <= 0) via a CommandBuffer  in a Sriptable Render Pipeline.
UnityEngine.StackTraceUtility:ExtractStackTrace () (at /Users/bokken/buildslave/unity/build/Runtime/Export/Scripting/StackTrace.cs:37)
UnityEngine.Rendering.ScriptableRenderContext:ExecuteCommandBuffer_Internal (UnityEngine.Rendering.CommandBuffer)
UnityEngine.Rendering.ScriptableRenderContext:ExecuteCommandBuffer (UnityEngine.Rendering.CommandBuffer) (at /Users/bokken/buildslave/unity/build/Runtime/Export/RenderPipeline/ScriptableRenderContext.cs:179)
UnityEngine.Rendering.Universal.Internal.CopyColorPass:Execute (UnityEngine.Rendering.ScriptableRenderContext,UnityEngine.Rendering.Universal.RenderingData&) (at Library/PackageCache/com.unity.render-pipelines.universal@12.1.6/Runtime/Passes/CopyColorPass.cs:111)
UnityEngine.Rendering.Universal.ScriptableRenderer:ExecuteRenderPass (UnityEngine.Rendering.ScriptableRenderContext,UnityEngine.Rendering.Universal.ScriptableRenderPass,UnityEngine.Rendering.Universal.RenderingData&) (at Library/PackageCache/com.unity.render-pipelines.universal@12.1.6/Runtime/ScriptableRenderer.cs:1003)
UnityEngine.Rendering.Universal.ScriptableRenderer:ExecuteBlock (int,UnityEngine.Rendering.Universal.ScriptableRenderer/RenderBlocks&,UnityEngine.Rendering.ScriptableRenderContext,UnityEngine.Rendering.Universal.RenderingData&,bool) (at Library/PackageCache/com.unity.render-pipelines.universal@12.1.6/Runtime/ScriptableRenderer.cs:962)
UnityEngine.Rendering.Universal.ScriptableRenderer:Execute (UnityEngine.Rendering.ScriptableRenderContext,UnityEngine.Rendering.Universal.RenderingData&) (at Library/PackageCache/com.unity.render-pipelines.universal@12.1.6/Runtime/ScriptableRenderer.cs:758)
UnityEngine.Rendering.Universal.UniversalRenderPipeline:RenderSingleCamera (UnityEngine.Rendering.ScriptableRenderContext,UnityEngine.Rendering.Universal.CameraData,bool) (at Library/PackageCache/com.unity.render-pipelines.universal@12.1.6/Runtime/UniversalRenderPipeline.cs:415)
UnityEngine.Rendering.Universal.UniversalRenderPipeline:RenderSingleCamera (UnityEngine.Rendering.ScriptableRenderContext,UnityEngine.Camera) (at Library/PackageCache/com.unity.render-pipelines.universal@12.1.6/Runtime/UniversalRenderPipeline.cs:324)
UnityEngine.Rendering.Universal.UniversalRenderPipeline:Render (UnityEngine.Rendering.ScriptableRenderContext,System.Collections.Generic.List`1<UnityEngine.Camera>) (at Library/PackageCache/com.unity.render-pipelines.universal@12.1.6/Runtime/UniversalRenderPipeline.cs:279)
UnityEngine.Rendering.RenderPipeline:InternalRender (UnityEngine.Rendering.ScriptableRenderContext,System.Collections.Generic.List`1<UnityEngine.Camera>) (at /Users/bokken/buildslave/unity/build/Runtime/Export/RenderPipeline/RenderPipeline.cs:51)
UnityEngine.Rendering.RenderPipelineManager:DoRenderLoop_Internal (UnityEngine.Rendering.RenderPipelineAsset,intptr,System.Collections.Generic.List`1<UnityEngine.Camera/RenderRequest>,Unity.Collections.LowLevel.Unsafe.AtomicSafetyHandle) (at /Users/bokken/buildslave/unity/build/Runtime/Export/RenderPipeline/RenderPipelineManager.cs:115)
UnityEditor.PreviewRenderUtility:Render (bool,bool) (at /Users/bokken/buildslave/unity/build/Editor/Mono/Inspector/PreviewRenderUtility.cs:522)
UnityEditor.MaterialEditor:DoRenderPreview (UnityEditor.PreviewRenderUtility,bool) (at /Users/bokken/buildslave/unity/build/Editor/Mono/Inspector/MaterialEditor.cs:2241)
UnityEditor.MaterialEditor:RenderStaticPreview (string,UnityEngine.Object[],int,int) (at /Users/bokken/buildslave/unity/build/Editor/Mono/Inspector/MaterialEditor.cs:2103)
UnityEditor.AssetPreviewUpdater:CreatePreview (UnityEngine.Object,UnityEngine.Object[],string,int,int) (at /Users/bokken/buildslave/unity/build/Editor/Mono/AssetPreviewUpdater.cs:38)
UnityEditor.AssetPreviewUpdater:CreatePreviewForAsset (UnityEngine.Object,UnityEngine.Object[],string) (at /Users/bokken/buildslave/unity/build/Editor/Mono/AssetPreviewUpdater.cs:9)

[ line 0]

Trying to get RenderBuffer with invalid antiAliasing (must be at least 1)
UnityEngine.StackTraceUtility:ExtractStackTrace () (at /Users/bokken/buildslave/unity/build/Runtime/Export/Scripting/StackTrace.cs:37)
UnityEngine.Rendering.ScriptableRenderContext:Submit_Internal ()
UnityEngine.Rendering.ScriptableRenderContext:Submit () (at /Users/bokken/buildslave/unity/build/Runtime/Export/RenderPipeline/ScriptableRenderContext.cs:110)
UnityEngine.Rendering.Universal.UniversalRenderPipeline:RenderSingleCamera (UnityEngine.Rendering.ScriptableRenderContext,UnityEngine.Rendering.Universal.CameraData,bool) (at Library/PackageCache/com.unity.render-pipelines.universal@12.1.6/Runtime/UniversalRenderPipeline.cs:431)
UnityEngine.Rendering.Universal.UniversalRenderPipeline:RenderSingleCamera (UnityEngine.Rendering.ScriptableRenderContext,UnityEngine.Camera) (at Library/PackageCache/com.unity.render-pipelines.universal@12.1.6/Runtime/UniversalRenderPipeline.cs:324)
UnityEngine.Rendering.Universal.UniversalRenderPipeline:Render (UnityEngine.Rendering.ScriptableRenderContext,System.Collections.Generic.List`1<UnityEngine.Camera>) (at Library/PackageCache/com.unity.render-pipelines.universal@12.1.6/Runtime/UniversalRenderPipeline.cs:279)
UnityEngine.Rendering.RenderPipeline:InternalRender (UnityEngine.Rendering.ScriptableRenderContext,System.Collections.Generic.List`1<UnityEngine.Camera>) (at /Users/bokken/buildslave/unity/build/Runtime/Export/RenderPipeline/RenderPipeline.cs:51)
UnityEngine.Rendering.RenderPipelineManager:DoRenderLoop_Internal (UnityEngine.Rendering.RenderPipelineAsset,intptr,System.Collections.Generic.List`1<UnityEngine.Camera/RenderRequest>,Unity.Collections.LowLevel.Unsafe.AtomicSafetyHandle) (at /Users/bokken/buildslave/unity/build/Runtime/Export/RenderPipeline/RenderPipelineManager.cs:115)
UnityEditor.PreviewRenderUtility:Render (bool,bool) (at /Users/bokken/buildslave/unity/build/Editor/Mono/Inspector/PreviewRenderUtility.cs:522)
UnityEditor.MaterialEditor:DoRenderPreview (UnityEditor.PreviewRenderUtility,bool) (at /Users/bokken/buildslave/unity/build/Editor/Mono/Inspector/MaterialEditor.cs:2241)
UnityEditor.MaterialEditor:RenderStaticPreview (string,UnityEngine.Object[],int,int) (at /Users/bokken/buildslave/unity/build/Editor/Mono/Inspector/MaterialEditor.cs:2103)
UnityEditor.AssetPreviewUpdater:CreatePreview (UnityEngine.Object,UnityEngine.Object[],string,int,int) (at /Users/bokken/buildslave/unity/build/Editor/Mono/AssetPreviewUpdater.cs:38)
UnityEditor.AssetPreviewUpdater:CreatePreviewForAsset (UnityEngine.Object,UnityEngine.Object[],string) (at /Users/bokken/buildslave/unity/build/Editor/Mono/AssetPreviewUpdater.cs:9)

[./Runtime/Graphics/RenderBufferManager.cpp line 180]

Trying to get RenderBuffer with invalid antiAliasing (must be at least 1)
UnityEngine.StackTraceUtility:ExtractStackTrace () (at /Users/bokken/buildslave/unity/build/Runtime/Export/Scripting/StackTrace.cs:37)
UnityEngine.Rendering.ScriptableRenderContext:Submit_Internal ()
UnityEngine.Rendering.ScriptableRenderContext:Submit () (at /Users/bokken/buildslave/unity/build/Runtime/Export/RenderPipeline/ScriptableRenderContext.cs:110)
UnityEngine.Rendering.Universal.UniversalRenderPipeline:RenderSingleCamera (UnityEngine.Rendering.ScriptableRenderContext,UnityEngine.Rendering.Universal.CameraData,bool) (at Library/PackageCache/com.unity.render-pipelines.universal@12.1.6/Runtime/UniversalRenderPipeline.cs:431)
UnityEngine.Rendering.Universal.UniversalRenderPipeline:RenderSingleCamera (UnityEngine.Rendering.ScriptableRenderContext,UnityEngine.Camera) (at Library/PackageCache/com.unity.render-pipelines.universal@12.1.6/Runtime/UniversalRenderPipeline.cs:324)
UnityEngine.Rendering.Universal.UniversalRenderPipeline:Render (UnityEngine.Rendering.ScriptableRenderContext,System.Collections.Generic.List`1<UnityEngine.Camera>) (at Library/PackageCache/com.unity.render-pipelines.universal@12.1.6/Runtime/UniversalRenderPipeline.cs:279)
UnityEngine.Rendering.RenderPipeline:InternalRender (UnityEngine.Rendering.ScriptableRenderContext,System.Collections.Generic.List`1<UnityEngine.Camera>) (at /Users/bokken/buildslave/unity/build/Runtime/Export/RenderPipeline/RenderPipeline.cs:51)
UnityEngine.Rendering.RenderPipelineManager:DoRenderLoop_Internal (UnityEngine.Rendering.RenderPipelineAsset,intptr,System.Collections.Generic.List`1<UnityEngine.Camera/RenderRequest>,Unity.Collections.LowLevel.Unsafe.AtomicSafetyHandle) (at /Users/bokken/buildslave/unity/build/Runtime/Export/RenderPipeline/RenderPipelineManager.cs:115)
UnityEditor.PreviewRenderUtility:Render (bool,bool) (at /Users/bokken/buildslave/unity/build/Editor/Mono/Inspector/PreviewRenderUtility.cs:522)
UnityEditor.MaterialEditor:DoRenderPreview (UnityEditor.PreviewRenderUtility,bool) (at /Users/bokken/buildslave/unity/build/Editor/Mono/Inspector/MaterialEditor.cs:2241)
UnityEditor.MaterialEditor:RenderStaticPreview (string,UnityEngine.Object[],int,int) (at /Users/bokken/buildslave/unity/build/Editor/Mono/Inspector/MaterialEditor.cs:2103)
UnityEditor.AssetPreviewUpdater:CreatePreview (UnityEngine.Object,UnityEngine.Object[],string,int,int) (at /Users/bokken/buildslave/unity/build/Editor/Mono/AssetPreviewUpdater.cs:38)
UnityEditor.AssetPreviewUpdater:CreatePreviewForAsset (UnityEngine.Object,UnityEngine.Object[],string) (at /Users/bokken/buildslave/unity/build/Editor/Mono/AssetPreviewUpdater.cs:9)

[./Runtime/Graphics/RenderBufferManager.cpp line 180]

 -> (artifact id: '2145a7695cf9e899072187f0731258de') in 1.789127 seconds 
========================================================================
Received Import Request.
  Time since last request: 32.256339 seconds.
  path: Assets/Models
  artifactKey: Guid(3f17432809c4a430eb104cd133a0c98f) Importer(815301076,1909f56bfc062723c751e8b465ee728b)
Start importing Assets/Models using Guid(3f17432809c4a430eb104cd133a0c98f) Importer(815301076,1909f56bfc062723c751e8b465ee728b)  -> (artifact id: 'e16eab097e82b12d3008962650511332') in 0.001266 seconds 
========================================================================
Received Import Request.
  Time since last request: 0.052615 seconds.
  path: Assets/Models/Grass.fbx
  artifactKey: Guid(58f8329390c06c4488bd8782a94e855d) Importer(815301076,1909f56bfc062723c751e8b465ee728b)
Start importing Assets/Models/Grass.fbx using Guid(58f8329390c06c4488bd8782a94e855d) Importer(815301076,1909f56bfc062723c751e8b465ee728b)  -> (artifact id: '51ad2bf3ecb0dba028f3e3a13233a1d0') in 0.437752 seconds 
========================================================================
Received Import Request.
  Time since last request: 0.000087 seconds.
  path: Assets/Models/Tree_FBX.FBX
  artifactKey: Guid(f1b88e90e8ed647ffba60e02f36d9855) Importer(815301076,1909f56bfc062723c751e8b465ee728b)
Start importing Assets/Models/Tree_FBX.FBX using Guid(f1b88e90e8ed647ffba60e02f36d9855) Importer(815301076,1909f56bfc062723c751e8b465ee728b)  -> (artifact id: '1d82aa947ada92c2c05b4ff8950f78b9') in 0.151818 seconds 
========================================================================
Received Import Request.
  Time since last request: 0.000071 seconds.
  path: Assets/Models/Prunus_Pendula.fbx
  artifactKey: Guid(e1924111660d9465789ad83c8a163282) Importer(815301076,1909f56bfc062723c751e8b465ee728b)
Start importing Assets/Models/Prunus_Pendula.fbx using Guid(e1924111660d9465789ad83c8a163282) Importer(815301076,1909f56bfc062723c751e8b465ee728b)  -> (artifact id: '59915f08655c497ecdbb6ba0fdd320c2') in 0.081335 seconds 
========================================================================
Received Import Request.
  Time since last request: 62.289462 seconds.
  path: Assets/Textures
  artifactKey: Guid(99b6cbaf8bfbf4b729800c2d78862725) Importer(815301076,1909f56bfc062723c751e8b465ee728b)
Start importing Assets/Textures using Guid(99b6cbaf8bfbf4b729800c2d78862725) Importer(815301076,1909f56bfc062723c751e8b465ee728b)  -> (artifact id: 'c2cb67303aa5894e50031048cbd74dd7') in 0.000866 seconds 
========================================================================
Received Import Request.
  Time since last request: 0.099279 seconds.
  path: Assets/Textures/2.png
  artifactKey: Guid(ef427225dc2104326bee0c46416ceffb) Importer(815301076,1909f56bfc062723c751e8b465ee728b)
Start importing Assets/Textures/2.png using Guid(ef427225dc2104326bee0c46416ceffb) Importer(815301076,1909f56bfc062723c751e8b465ee728b)  -> (artifact id: '00466b8c3fa8dd0bf2bc69f213daa3f1') in 0.212290 seconds 
========================================================================
Received Import Request.
  Time since last request: 0.000169 seconds.
  path: Assets/Textures/Dappled light - 01.jpg
  artifactKey: Guid(1e55bc38f9ddfd7479595378830a7e70) Importer(815301076,1909f56bfc062723c751e8b465ee728b)
Start importing Assets/Textures/Dappled light - 01.jpg using Guid(1e55bc38f9ddfd7479595378830a7e70) Importer(815301076,1909f56bfc062723c751e8b465ee728b)  -> (artifact id: 'fc114539cbc484b182d688b7ff851117') in 0.166073 seconds 
========================================================================
Received Import Request.
  Time since last request: 0.000083 seconds.
  path: Assets/Textures/Dappled light - 02.jpg
  artifactKey: Guid(d8b7a1b1e3f561b41886ebec77148529) Importer(815301076,1909f56bfc062723c751e8b465ee728b)
Start importing Assets/Textures/Dappled light - 02.jpg using Guid(d8b7a1b1e3f561b41886ebec77148529) Importer(815301076,1909f56bfc062723c751e8b465ee728b)  -> (artifact id: 'df4af096217a40b92edf79aa0c145c0c') in 0.013574 seconds 
========================================================================
Received Import Request.
  Time since last request: 0.000079 seconds.
  path: Assets/Textures/transparent.png
  artifactKey: Guid(bb84115f1edcf4b3f93b73f9b4fbfe5f) Importer(815301076,1909f56bfc062723c751e8b465ee728b)
Start importing Assets/Textures/transparent.png using Guid(bb84115f1edcf4b3f93b73f9b4fbfe5f) Importer(815301076,1909f56bfc062723c751e8b465ee728b)  -> (artifact id: '2ec9ab3f019ef4a58bdf11cc40704586') in 0.072603 seconds 
========================================================================
Received Import Request.
  Time since last request: 48.162806 seconds.
  path: Assets/v1.0/3D Asesets/Models/Gledista_Triacanthos_2.fbx
  artifactKey: Guid(1208116e36a5e449a9e483cc0739593e) Importer(815301076,1909f56bfc062723c751e8b465ee728b)
Start importing Assets/v1.0/3D Asesets/Models/Gledista_Triacanthos_2.fbx using Guid(1208116e36a5e449a9e483cc0739593e) Importer(815301076,1909f56bfc062723c751e8b465ee728b)  -> (artifact id: 'dc72c5b1f031630d410ea3588bb99732') in 0.090605 seconds 
========================================================================
Received Import Request.
  Time since last request: 0.000087 seconds.
  path: Assets/v1.0/3D Asesets/Models/Prunus_Pendula.fbx
  artifactKey: Guid(04d77bdc178304271bcad5f52c0482c1) Importer(815301076,1909f56bfc062723c751e8b465ee728b)
Start importing Assets/v1.0/3D Asesets/Models/Prunus_Pendula.fbx using Guid(04d77bdc178304271bcad5f52c0482c1) Importer(815301076,1909f56bfc062723c751e8b465ee728b)  -> (artifact id: '6532b43a8249d516243917f76807dec0') in 0.073118 seconds 
========================================================================
Received Import Request.
  Time since last request: 0.000090 seconds.
  path: Assets/v1.0/3D Asesets/Models/plant_247_fbx_vray.FBX
  artifactKey: Guid(cfd26e2495088428cada9eaf5be11766) Importer(815301076,1909f56bfc062723c751e8b465ee728b)
Start importing Assets/v1.0/3D Asesets/Models/plant_247_fbx_vray.FBX using Guid(cfd26e2495088428cada9eaf5be11766) Importer(815301076,1909f56bfc062723c751e8b465ee728b)  -> (artifact id: '96011c7a99e4ec37c6e7a8557ee53a79') in 0.064344 seconds 
========================================================================
Received Import Request.
  Time since last request: 0.000127 seconds.
  path: Assets/v1.0/3D Asesets/Models/Tree_FBX.FBX
  artifactKey: Guid(fc9ba0a37ef464c3cafc2767e23c7a38) Importer(815301076,1909f56bfc062723c751e8b465ee728b)
Start importing Assets/v1.0/3D Asesets/Models/Tree_FBX.FBX using Guid(fc9ba0a37ef464c3cafc2767e23c7a38) Importer(815301076,1909f56bfc062723c751e8b465ee728b)  -> (artifact id: 'a33c35e1811cf75c2b7e5ec76f0d566e') in 1.749578 seconds 
========================================================================
Received Import Request.
  Time since last request: 286.552791 seconds.
  path: Assets/TextMesh Pro/Examples & Extras/Resources/Fonts & Materials/Roboto-Bold SDF.asset
  artifactKey: Guid(5302535af1044152a457ed104f1f4b91) Importer(815301076,1909f56bfc062723c751e8b465ee728b)
Start importing Assets/TextMesh Pro/Examples & Extras/Resources/Fonts & Materials/Roboto-Bold SDF.asset using Guid(5302535af1044152a457ed104f1f4b91) Importer(815301076,1909f56bfc062723c751e8b465ee728b)  -> (artifact id: 'b1467569b871551b8bd82cb8db08c126') in 0.066431 seconds 
========================================================================
Received Import Request.
  Time since last request: 0.000085 seconds.
  path: Assets/v1.0/Shader Graphs/water_drop2_2.mat
  artifactKey: Guid(53706a9c459844ce7990bbc827f187be) Importer(815301076,1909f56bfc062723c751e8b465ee728b)
Start importing Assets/v1.0/Shader Graphs/water_drop2_2.mat using Guid(53706a9c459844ce7990bbc827f187be) Importer(815301076,1909f56bfc062723c751e8b465ee728b)  -> (artifact id: '770a88f36c6cb090a43a6ed650fff872') in 2.457935 seconds 
========================================================================
Received Import Request.
  Time since last request: 0.000161 seconds.
  path: Assets/v1.0/Materials/water_fall3.mat
  artifactKey: Guid(75ee8933c7305485088ed16f95c59bfb) Importer(815301076,1909f56bfc062723c751e8b465ee728b)
Start importing Assets/v1.0/Materials/water_fall3.mat using Guid(75ee8933c7305485088ed16f95c59bfb) Importer(815301076,1909f56bfc062723c751e8b465ee728b)  -> (artifact id: 'bb58743e9336f83872c3dd288141dade') in 2.677913 seconds 
========================================================================
Received Import Request.
  Time since last request: 0.000109 seconds.
  path: Assets/v1.0/Materials/transparent2.mat
  artifactKey: Guid(aa88aca9983c246b38125bf452f30019) Importer(815301076,1909f56bfc062723c751e8b465ee728b)
Start importing Assets/v1.0/Materials/transparent2.mat using Guid(aa88aca9983c246b38125bf452f30019) Importer(815301076,1909f56bfc062723c751e8b465ee728b)  -> (artifact id: '1f02520c9638f143f4814dd5a59e9f83') in 0.623531 seconds 
========================================================================
Received Import Request.
  Time since last request: 0.000086 seconds.
  path: Assets/v1.0/Shader Graphs/wind2.mat
  artifactKey: Guid(5fa037414d7884e0a8178be64f6a955b) Importer(815301076,1909f56bfc062723c751e8b465ee728b)
Start importing Assets/v1.0/Shader Graphs/wind2.mat using Guid(5fa037414d7884e0a8178be64f6a955b) Importer(815301076,1909f56bfc062723c751e8b465ee728b)  -> (artifact id: '6de10023756f49a63b61836f21c4719b') in 3.089865 seconds 
========================================================================
Received Import Request.
  Time since last request: 0.000097 seconds.
  path: Assets/v1.0/Materials/water_fall2.mat
  artifactKey: Guid(17a0bbe269312415e860005ace72dc56) Importer(815301076,1909f56bfc062723c751e8b465ee728b)
Start importing Assets/v1.0/Materials/water_fall2.mat using Guid(17a0bbe269312415e860005ace72dc56) Importer(815301076,1909f56bfc062723c751e8b465ee728b)  -> (artifact id: '8d57cf49afaf6b4a60c05fc4b458aaf0') in 2.549392 seconds 
========================================================================
Received Import Request.
  Time since last request: 0.000113 seconds.
  path: Assets/v1.0/Materials/leaves.mat
  artifactKey: Guid(3a2bc761bac4f4280a422912a9bd7d9e) Importer(815301076,1909f56bfc062723c751e8b465ee728b)
Start importing Assets/v1.0/Materials/leaves.mat using Guid(3a2bc761bac4f4280a422912a9bd7d9e) Importer(815301076,1909f56bfc062723c751e8b465ee728b)  -> (artifact id: '86fd5a6f3b61a41f98df2abe1540680e') in 0.016479 seconds 
========================================================================
Received Import Request.
  Time since last request: 0.000140 seconds.
  path: Assets/v1.0/Materials/light.mat
  artifactKey: Guid(f6978a18932454f709594ce02fc3bfaf) Importer(815301076,1909f56bfc062723c751e8b465ee728b)
Start importing Assets/v1.0/Materials/light.mat using Guid(f6978a18932454f709594ce02fc3bfaf) Importer(815301076,1909f56bfc062723c751e8b465ee728b)  -> (artifact id: 'aaae5e355e5ab5df436d38484504a091') in 0.024706 seconds 
========================================================================
Received Import Request.
  Time since last request: 0.000088 seconds.
  path: Assets/v1.0/Materials/Material__5 2.mat
  artifactKey: Guid(429a36e3366144e3a92a1d9d7df39cea) Importer(815301076,1909f56bfc062723c751e8b465ee728b)
Start importing Assets/v1.0/Materials/Material__5 2.mat using Guid(429a36e3366144e3a92a1d9d7df39cea) Importer(815301076,1909f56bfc062723c751e8b465ee728b)  -> (artifact id: '0d687b381243342f82c58799396866ec') in 0.015869 seconds 
========================================================================
Received Import Request.
  Time since last request: 0.000114 seconds.
  path: Assets/v1.0/Materials/Material #108.mat
  artifactKey: Guid(0aff55665ffd541ef9b663df7721ac81) Importer(815301076,1909f56bfc062723c751e8b465ee728b)
Start importing Assets/v1.0/Materials/Material #108.mat using Guid(0aff55665ffd541ef9b663df7721ac81) Importer(815301076,1909f56bfc062723c751e8b465ee728b)  -> (artifact id: '89381325c30da26a2d3bac6b73ded426') in 0.014909 seconds 
========================================================================
Received Import Request.
  Time since last request: 0.000087 seconds.
  path: Assets/TextMesh Pro/Resources/Fonts & Materials/LiberationSans SDF - Fallback.asset
  artifactKey: Guid(2e498d1c8094910479dc3e1b768306a4) Importer(815301076,1909f56bfc062723c751e8b465ee728b)
Start importing Assets/TextMesh Pro/Resources/Fonts & Materials/LiberationSans SDF - Fallback.asset using Guid(2e498d1c8094910479dc3e1b768306a4) Importer(815301076,1909f56bfc062723c751e8b465ee728b)  -> (artifact id: '5819b4709b976791f7a275ce5d94a6cc') in 0.022433 seconds 
========================================================================
Received Import Request.
  Time since last request: 0.000128 seconds.
  path: Assets/v1.0/Materials/trunk.mat
  artifactKey: Guid(7f1eaf90b0a2c4a038b71e1805670920) Importer(815301076,1909f56bfc062723c751e8b465ee728b)
Start importing Assets/v1.0/Materials/trunk.mat using Guid(7f1eaf90b0a2c4a038b71e1805670920) Importer(815301076,1909f56bfc062723c751e8b465ee728b)  -> (artifact id: 'a9a437a29a4cda28b695aafbfdf5a81e') in 0.012624 seconds 
========================================================================
Received Import Request.
  Time since last request: 0.000076 seconds.
  path: Assets/v1.0/Materials/wind6.mat
  artifactKey: Guid(d3811608903af4fb4b7fcb90625f3298) Importer(815301076,1909f56bfc062723c751e8b465ee728b)
Start importing Assets/v1.0/Materials/wind6.mat using Guid(d3811608903af4fb4b7fcb90625f3298) Importer(815301076,1909f56bfc062723c751e8b465ee728b)  -> (artifact id: '85b55e9aec6b2a21f3379edba1a5f3a5') in 2.942562 seconds 
========================================================================
Received Import Request.
  Time since last request: 0.000079 seconds.
  path: Assets/v1.0/Materials/Built-in renderer/Stairs material.mat
  artifactKey: Guid(36041393de862764fac064eef1aefa08) Importer(815301076,1909f56bfc062723c751e8b465ee728b)
Start importing Assets/v1.0/Materials/Built-in renderer/Stairs material.mat using Guid(36041393de862764fac064eef1aefa08) Importer(815301076,1909f56bfc062723c751e8b465ee728b)  -> (artifact id: '8b9a0e9cea9f4bc76053d8c5422bc3df') in 0.012304 seconds 
========================================================================
Received Import Request.
  Time since last request: 0.000064 seconds.
  path: Assets/v1.0/Materials/Material #15.mat
  artifactKey: Guid(a0d47430110914088a1dd3f924240751) Importer(815301076,1909f56bfc062723c751e8b465ee728b)
Start importing Assets/v1.0/Materials/Material #15.mat using Guid(a0d47430110914088a1dd3f924240751) Importer(815301076,1909f56bfc062723c751e8b465ee728b)  -> (artifact id: 'bc59edf4414577507d8374cc4b8050c1') in 0.012418 seconds 
========================================================================
Received Import Request.
  Time since last request: 0.000079 seconds.
  path: Assets/v1.0/UI Assets/UIBlur/Mat/UIBlur.mat
  artifactKey: Guid(a4a46010f5c0948488f6708e1f598385) Importer(815301076,1909f56bfc062723c751e8b465ee728b)
Start importing Assets/v1.0/UI Assets/UIBlur/Mat/UIBlur.mat using Guid(a4a46010f5c0948488f6708e1f598385) Importer(815301076,1909f56bfc062723c751e8b465ee728b)  -> (artifact id: '90c777d9409152e44b3e5ee5e81a6c5d') in 0.450451 seconds 
========================================================================
Received Import Request.
  Time since last request: 0.000109 seconds.
  path: Assets/v1.0/Shader Graphs/ripple.shadersubgraph
  artifactKey: Guid(f06cb678b90f146fb8728779bb185a24) Importer(815301076,1909f56bfc062723c751e8b465ee728b)
Start importing Assets/v1.0/Shader Graphs/ripple.shadersubgraph using Guid(f06cb678b90f146fb8728779bb185a24) Importer(815301076,1909f56bfc062723c751e8b465ee728b)  -> (artifact id: 'd22e4ef7062be6a1e7aa3445e65cad1d') in 0.130870 seconds 
========================================================================
Received Import Request.
  Time since last request: 0.000083 seconds.
  path: Assets/v1.0/Materials/Material__8.mat
  artifactKey: Guid(2fb5697b637594368930427a1fb348c8) Importer(815301076,1909f56bfc062723c751e8b465ee728b)
Start importing Assets/v1.0/Materials/Material__8.mat using Guid(2fb5697b637594368930427a1fb348c8) Importer(815301076,1909f56bfc062723c751e8b465ee728b)  -> (artifact id: 'fe4b4a528b198cbee72a2f6a4b81b7f7') in 0.013421 seconds 
========================================================================
Received Import Request.
  Time since last request: 0.000114 seconds.
  path: Assets/v1.0/Shader Graphs/wind4.mat
  artifactKey: Guid(708d36c988ad64e68867aa6dee9bc307) Importer(815301076,1909f56bfc062723c751e8b465ee728b)
Start importing Assets/v1.0/Shader Graphs/wind4.mat using Guid(708d36c988ad64e68867aa6dee9bc307) Importer(815301076,1909f56bfc062723c751e8b465ee728b)  -> (artifact id: 'f8b6e7a2b7c2d0b879d4af84527fe9af') in 0.878610 seconds 
========================================================================
Received Import Request.
  Time since last request: 0.000102 seconds.
  path: Assets/v1.0/Materials/Material__6 2.mat
  artifactKey: Guid(66b1620373274406c8e69a64e1614993) Importer(815301076,1909f56bfc062723c751e8b465ee728b)
Start importing Assets/v1.0/Materials/Material__6 2.mat using Guid(66b1620373274406c8e69a64e1614993) Importer(815301076,1909f56bfc062723c751e8b465ee728b)  -> (artifact id: '40176fcae0d3e11bf4fd93075e2ea2d3') in 0.016693 seconds 
========================================================================
Received Import Request.
  Time since last request: 0.000113 seconds.
  path: Assets/v1.0/Materials/Material__6.mat
  artifactKey: Guid(da08e280f0cab47dabacbdfc4a0c6ed9) Importer(815301076,1909f56bfc062723c751e8b465ee728b)
Start importing Assets/v1.0/Materials/Material__6.mat using Guid(da08e280f0cab47dabacbdfc4a0c6ed9) Importer(815301076,1909f56bfc062723c751e8b465ee728b)  -> (artifact id: '3c71aebdcdde64ddbf7121f51e4ab355') in 0.025934 seconds 
========================================================================
Received Import Request.
  Time since last request: 0.000085 seconds.
  path: Assets/v1.0/Materials/URP/Light cookie material.mat
  artifactKey: Guid(188f6e596ad3a6743a973b53a1a205af) Importer(815301076,1909f56bfc062723c751e8b465ee728b)
Start importing Assets/v1.0/Materials/URP/Light cookie material.mat using Guid(188f6e596ad3a6743a973b53a1a205af) Importer(815301076,1909f56bfc062723c751e8b465ee728b)  -> (artifact id: '415910d55cff4a378f48e962c11fda57') in 0.054907 seconds 
========================================================================
Received Import Request.
  Time since last request: 0.000061 seconds.
  path: Assets/v1.0/UI Assets/images/window_mat.mat
  artifactKey: Guid(a8feed0619f16420f9d48d574d2a3c73) Importer(815301076,1909f56bfc062723c751e8b465ee728b)
Start importing Assets/v1.0/UI Assets/images/window_mat.mat using Guid(a8feed0619f16420f9d48d574d2a3c73) Importer(815301076,1909f56bfc062723c751e8b465ee728b)  -> (artifact id: 'f77a037874ffcd9b26e1c7d3c00a7811') in 2.711753 seconds 
========================================================================
Received Import Request.
  Time since last request: 0.000076 seconds.
  path: Assets/v1.0/Materials/wind2 1.mat
  artifactKey: Guid(e8dd41cc8f4a94e4cb17fe8b3ff5617e) Importer(815301076,1909f56bfc062723c751e8b465ee728b)
Start importing Assets/v1.0/Materials/wind2 1.mat using Guid(e8dd41cc8f4a94e4cb17fe8b3ff5617e) Importer(815301076,1909f56bfc062723c751e8b465ee728b)  -> (artifact id: '89181869f121bdd069f67777664cf113') in 0.020608 seconds 
========================================================================
Received Import Request.
  Time since last request: 0.000062 seconds.
  path: Assets/v1.0/Materials/Built-in renderer/Ground material.mat
  artifactKey: Guid(02de382d89395974ab33ec9394505f1b) Importer(815301076,1909f56bfc062723c751e8b465ee728b)
Start importing Assets/v1.0/Materials/Built-in renderer/Ground material.mat using Guid(02de382d89395974ab33ec9394505f1b) Importer(815301076,1909f56bfc062723c751e8b465ee728b)  -> (artifact id: 'c38dfea978f27b588c9bccb377458ecb') in 0.010485 seconds 
========================================================================
Received Import Request.
  Time since last request: 0.000121 seconds.
  path: Assets/v1.0/Materials/mat1.mat
  artifactKey: Guid(5a20817dfded7484f844451d3777e2cf) Importer(815301076,1909f56bfc062723c751e8b465ee728b)
Start importing Assets/v1.0/Materials/mat1.mat using Guid(5a20817dfded7484f844451d3777e2cf) Importer(815301076,1909f56bfc062723c751e8b465ee728b)  -> (artifact id: '17ce376eadce2915980cff4fa3aad71a') in 2.697915 seconds 
========================================================================
Received Prepare
Registering precompiled user dll's ...
Registered in 0.002532 seconds.
Begin MonoManager ReloadAssembly
Native extension for OSXStandalone target not found
Refreshing native plugins compatible for Editor in 0.70 ms, found 2 plugins.
Preloading 0 native plugins for Editor in 0.00 ms.
Mono: successfully reloaded assembly
- Completed reload, in  1.331 seconds
Domain Reload Profiling:
	ReloadAssembly (1331ms)
		BeginReloadAssembly (137ms)
			ExecutionOrderSort (0ms)
			DisableScriptedObjects (8ms)
			BackupInstance (0ms)
			ReleaseScriptingObjects (0ms)
			CreateAndSetChildDomain (54ms)
		EndReloadAssembly (1079ms)
			LoadAssemblies (71ms)
			RebuildTransferFunctionScriptingTraits (0ms)
			SetupTypeCache (314ms)
			ReleaseScriptCaches (2ms)
			RebuildScriptCaches (87ms)
			SetupLoadedEditorAssemblies (501ms)
				LogAssemblyErrors (0ms)
				InitializePlatformSupportModulesInManaged (10ms)
				SetLoadedEditorAssemblies (1ms)
				RefreshPlugins (1ms)
				BeforeProcessingInitializeOnLoad (77ms)
				ProcessInitializeOnLoadAttributes (312ms)
				ProcessInitializeOnLoadMethodAttributes (99ms)
				AfterProcessingInitializeOnLoad (1ms)
				EditorAssembliesLoaded (0ms)
			ExecutionOrderSort2 (0ms)
			AwakeInstancesAfterBackupRestoration (18ms)
Platform modules already initialized, skipping
Refreshing native plugins compatible for Editor in 1.98 ms, found 2 plugins.
Preloading 0 native plugins for Editor in 0.00 ms.
Unloading 4002 Unused Serialized files (Serialized files now loaded: 0)
Unloading 25 unused Assets / (1.4 MB). Loaded Objects now: 4731.
Memory consumption went from 427.1 MB to 425.7 MB.
Total: 6.652722 ms (FindLiveObjects: 0.654381 ms CreateObjectMapping: 0.518615 ms MarkObjects: 4.863963 ms  DeleteObjects: 0.606585 ms)

AssetImportParameters requested are different than current active one (requested -> active):
  custom:video-decoder-ogg-theora: a1e56fd34408186e4bbccfd4996cb3dc -> 
  custom:container-muxer-webm: aa71ff27fc2769a1b78a27578f13a17b -> 
  custom:container-demuxer-webm: 4f35f7cbe854078d1ac9338744f61a02 -> 
  custom:video-encoder-webm-vp8: eb34c28f22e8b96e1ab97ce403110664 -> 
  custom:framework-osx-AVFoundation: e770b220cccbd017edd2c1fefb359320 -> 
  custom:audio-encoder-webm-vorbis: bf7c407c2cedff20999df2af8eb42d56 -> 
  custom:container-demuxer-ogg: 62fdf1f143b41e24485cea50d1cbac27 -> 
  custom:video-decoder-webm-vp8: 9c59270c3fd7afecdb556c50c9e8de78 -> 
  custom:audio-decoder-ogg-vorbis: bf7c407c2cedff20999df2af8eb42d56 -> 
========================================================================
Received Import Request.
  Time since last request: 6.654163 seconds.
  path: Assets/v1.0/Shader Graphs/New Material 1.mat
  artifactKey: Guid(8d8da6446d8a44513b4993df07c7f30c) Importer(815301076,1909f56bfc062723c751e8b465ee728b)
Start importing Assets/v1.0/Shader Graphs/New Material 1.mat using Guid(8d8da6446d8a44513b4993df07c7f30c) Importer(815301076,1909f56bfc062723c751e8b465ee728b) Trying to get RenderBuffer with invalid antiAliasing (must be at least 1)
UnityEngine.StackTraceUtility:ExtractStackTrace () (at /Users/bokken/buildslave/unity/build/Runtime/Export/Scripting/StackTrace.cs:37)
UnityEngine.Rendering.ScriptableRenderContext:Submit_Internal ()
UnityEngine.Rendering.ScriptableRenderContext:Submit () (at /Users/bokken/buildslave/unity/build/Runtime/Export/RenderPipeline/ScriptableRenderContext.cs:110)
UnityEngine.Rendering.Universal.UniversalRenderPipeline:RenderSingleCamera (UnityEngine.Rendering.ScriptableRenderContext,UnityEngine.Rendering.Universal.CameraData,bool) (at Library/PackageCache/com.unity.render-pipelines.universal@12.1.6/Runtime/UniversalRenderPipeline.cs:431)
UnityEngine.Rendering.Universal.UniversalRenderPipeline:RenderSingleCamera (UnityEngine.Rendering.ScriptableRenderContext,UnityEngine.Camera) (at Library/PackageCache/com.unity.render-pipelines.universal@12.1.6/Runtime/UniversalRenderPipeline.cs:324)
UnityEngine.Rendering.Universal.UniversalRenderPipeline:Render (UnityEngine.Rendering.ScriptableRenderContext,System.Collections.Generic.List`1<UnityEngine.Camera>) (at Library/PackageCache/com.unity.render-pipelines.universal@12.1.6/Runtime/UniversalRenderPipeline.cs:279)
UnityEngine.Rendering.RenderPipeline:InternalRender (UnityEngine.Rendering.ScriptableRenderContext,System.Collections.Generic.List`1<UnityEngine.Camera>) (at /Users/bokken/buildslave/unity/build/Runtime/Export/RenderPipeline/RenderPipeline.cs:51)
UnityEngine.Rendering.RenderPipelineManager:DoRenderLoop_Internal (UnityEngine.Rendering.RenderPipelineAsset,intptr,System.Collections.Generic.List`1<UnityEngine.Camera/RenderRequest>,Unity.Collections.LowLevel.Unsafe.AtomicSafetyHandle) (at /Users/bokken/buildslave/unity/build/Runtime/Export/RenderPipeline/RenderPipelineManager.cs:115)
UnityEditor.PreviewRenderUtility:Render (bool,bool) (at /Users/bokken/buildslave/unity/build/Editor/Mono/Inspector/PreviewRenderUtility.cs:522)
UnityEditor.MaterialEditor:DoRenderPreview (UnityEditor.PreviewRenderUtility,bool) (at /Users/bokken/buildslave/unity/build/Editor/Mono/Inspector/MaterialEditor.cs:2241)
UnityEditor.MaterialEditor:RenderStaticPreview (string,UnityEngine.Object[],int,int) (at /Users/bokken/buildslave/unity/build/Editor/Mono/Inspector/MaterialEditor.cs:2103)
UnityEditor.AssetPreviewUpdater:CreatePreview (UnityEngine.Object,UnityEngine.Object[],string,int,int) (at /Users/bokken/buildslave/unity/build/Editor/Mono/AssetPreviewUpdater.cs:38)
UnityEditor.AssetPreviewUpdater:CreatePreviewForAsset (UnityEngine.Object,UnityEngine.Object[],string) (at /Users/bokken/buildslave/unity/build/Editor/Mono/AssetPreviewUpdater.cs:9)

[./Runtime/Graphics/RenderBufferManager.cpp line 180]

Trying to get RenderBuffer with invalid antiAliasing (must be at least 1)
UnityEngine.StackTraceUtility:ExtractStackTrace () (at /Users/bokken/buildslave/unity/build/Runtime/Export/Scripting/StackTrace.cs:37)
UnityEngine.Rendering.ScriptableRenderContext:Submit_Internal ()
UnityEngine.Rendering.ScriptableRenderContext:Submit () (at /Users/bokken/buildslave/unity/build/Runtime/Export/RenderPipeline/ScriptableRenderContext.cs:110)
UnityEngine.Rendering.Universal.UniversalRenderPipeline:RenderSingleCamera (UnityEngine.Rendering.ScriptableRenderContext,UnityEngine.Rendering.Universal.CameraData,bool) (at Library/PackageCache/com.unity.render-pipelines.universal@12.1.6/Runtime/UniversalRenderPipeline.cs:431)
UnityEngine.Rendering.Universal.UniversalRenderPipeline:RenderSingleCamera (UnityEngine.Rendering.ScriptableRenderContext,UnityEngine.Camera) (at Library/PackageCache/com.unity.render-pipelines.universal@12.1.6/Runtime/UniversalRenderPipeline.cs:324)
UnityEngine.Rendering.Universal.UniversalRenderPipeline:Render (UnityEngine.Rendering.ScriptableRenderContext,System.Collections.Generic.List`1<UnityEngine.Camera>) (at Library/PackageCache/com.unity.render-pipelines.universal@12.1.6/Runtime/UniversalRenderPipeline.cs:279)
UnityEngine.Rendering.RenderPipeline:InternalRender (UnityEngine.Rendering.ScriptableRenderContext,System.Collections.Generic.List`1<UnityEngine.Camera>) (at /Users/bokken/buildslave/unity/build/Runtime/Export/RenderPipeline/RenderPipeline.cs:51)
UnityEngine.Rendering.RenderPipelineManager:DoRenderLoop_Internal (UnityEngine.Rendering.RenderPipelineAsset,intptr,System.Collections.Generic.List`1<UnityEngine.Camera/RenderRequest>,Unity.Collections.LowLevel.Unsafe.AtomicSafetyHandle) (at /Users/bokken/buildslave/unity/build/Runtime/Export/RenderPipeline/RenderPipelineManager.cs:115)
UnityEditor.PreviewRenderUtility:Render (bool,bool) (at /Users/bokken/buildslave/unity/build/Editor/Mono/Inspector/PreviewRenderUtility.cs:522)
UnityEditor.MaterialEditor:DoRenderPreview (UnityEditor.PreviewRenderUtility,bool) (at /Users/bokken/buildslave/unity/build/Editor/Mono/Inspector/MaterialEditor.cs:2241)
UnityEditor.MaterialEditor:RenderStaticPreview (string,UnityEngine.Object[],int,int) (at /Users/bokken/buildslave/unity/build/Editor/Mono/Inspector/MaterialEditor.cs:2103)
UnityEditor.AssetPreviewUpdater:CreatePreview (UnityEngine.Object,UnityEngine.Object[],string,int,int) (at /Users/bokken/buildslave/unity/build/Editor/Mono/AssetPreviewUpdater.cs:38)
UnityEditor.AssetPreviewUpdater:CreatePreviewForAsset (UnityEngine.Object,UnityEngine.Object[],string) (at /Users/bokken/buildslave/unity/build/Editor/Mono/AssetPreviewUpdater.cs:9)

[./Runtime/Graphics/RenderBufferManager.cpp line 180]

 -> (artifact id: 'fd23bae299fc50ae08edb00ec9499f87') in 0.254420 seconds 
Editor requested this worker to shutdown with reason: Scaling down because of idle timeout
AssetImportWorker is now disconnected from the server
Process exiting
